[ ]{0:LDARGS}
[ ]{1:CALL 0 64}
[ 4 -999 ]{64:INCSP 5}
[ 4 -999 707633696 32683 -1816349552 21948 -1816349552 ]{66:GETSP}
[ 4 -999 707633696 32683 -1816349552 21948 -1816349552 6 ]{67:CSTI 4}
[ 4 -999 707633696 32683 -1816349552 21948 -1816349552 6 4 ]{69:SUB}
[ 4 -999 707633696 32683 -1816349552 21948 -1816349552 2 ]{70:INCSP 1}
[ 4 -999 707633696 32683 -1816349552 21948 -1816349552 2 4 ]{72:GETBP}
[ 4 -999 707633696 32683 -1816349552 21948 -1816349552 2 4 2 ]{73:CSTI 6}
[ 4 -999 707633696 32683 -1816349552 21948 -1816349552 2 4 2 6 ]{75:ADD}
[ 4 -999 707633696 32683 -1816349552 21948 -1816349552 2 4 8 ]{76:CSTI 0}
[ 4 -999 707633696 32683 -1816349552 21948 -1816349552 2 4 8 0 ]{78:STI}
[ 4 -999 707633696 32683 -1816349552 21948 -1816349552 2 0 0 ]{79:INCSP -1}
[ 4 -999 707633696 32683 -1816349552 21948 -1816349552 2 0 ]{81:GOTO 116}
[ 4 -999 707633696 32683 -1816349552 21948 -1816349552 2 0 ]{116:GETBP}
[ 4 -999 707633696 32683 -1816349552 21948 -1816349552 2 0 2 ]{117:CSTI 6}
[ 4 -999 707633696 32683 -1816349552 21948 -1816349552 2 0 2 6 ]{119:ADD}
[ 4 -999 707633696 32683 -1816349552 21948 -1816349552 2 0 8 ]{120:LDI}
[ 4 -999 707633696 32683 -1816349552 21948 -1816349552 2 0 0 ]{121:CSTI 5}
[ 4 -999 707633696 32683 -1816349552 21948 -1816349552 2 0 0 5 ]{123:LT}
[ 4 -999 707633696 32683 -1816349552 21948 -1816349552 2 0 1 ]{124:IFNZRO 83}
[ 4 -999 707633696 32683 -1816349552 21948 -1816349552 2 0 ]{83:GETBP}
[ 4 -999 707633696 32683 -1816349552 21948 -1816349552 2 0 2 ]{84:CSTI 5}
[ 4 -999 707633696 32683 -1816349552 21948 -1816349552 2 0 2 5 ]{86:ADD}
[ 4 -999 707633696 32683 -1816349552 21948 -1816349552 2 0 7 ]{87:LDI}
[ 4 -999 707633696 32683 -1816349552 21948 -1816349552 2 0 2 ]{88:GETBP}
[ 4 -999 707633696 32683 -1816349552 21948 -1816349552 2 0 2 2 ]{89:CSTI 6}
[ 4 -999 707633696 32683 -1816349552 21948 -1816349552 2 0 2 2 6 ]{91:ADD}
[ 4 -999 707633696 32683 -1816349552 21948 -1816349552 2 0 2 8 ]{92:LDI}
[ 4 -999 707633696 32683 -1816349552 21948 -1816349552 2 0 2 0 ]{93:ADD}
[ 4 -999 707633696 32683 -1816349552 21948 -1816349552 2 0 2 ]{94:CSTI 42}
[ 4 -999 707633696 32683 -1816349552 21948 -1816349552 2 0 2 42 ]{96:STI}
[ 4 -999 42 32683 -1816349552 21948 -1816349552 2 0 42 ]{97:INCSP -1}
[ 4 -999 42 32683 -1816349552 21948 -1816349552 2 0 ]{99:GETBP}
[ 4 -999 42 32683 -1816349552 21948 -1816349552 2 0 2 ]{100:CSTI 6}
[ 4 -999 42 32683 -1816349552 21948 -1816349552 2 0 2 6 ]{102:ADD}
[ 4 -999 42 32683 -1816349552 21948 -1816349552 2 0 8 ]{103:GETBP}
[ 4 -999 42 32683 -1816349552 21948 -1816349552 2 0 8 2 ]{104:CSTI 6}
[ 4 -999 42 32683 -1816349552 21948 -1816349552 2 0 8 2 6 ]{106:ADD}
[ 4 -999 42 32683 -1816349552 21948 -1816349552 2 0 8 8 ]{107:LDI}
[ 4 -999 42 32683 -1816349552 21948 -1816349552 2 0 8 0 ]{108:CSTI 1}
[ 4 -999 42 32683 -1816349552 21948 -1816349552 2 0 8 0 1 ]{110:ADD}
[ 4 -999 42 32683 -1816349552 21948 -1816349552 2 0 8 1 ]{111:STI}
[ 4 -999 42 32683 -1816349552 21948 -1816349552 2 1 1 ]{112:INCSP -1}
[ 4 -999 42 32683 -1816349552 21948 -1816349552 2 1 ]{114:INCSP 0}
[ 4 -999 42 32683 -1816349552 21948 -1816349552 2 1 ]{116:GETBP}
[ 4 -999 42 32683 -1816349552 21948 -1816349552 2 1 2 ]{117:CSTI 6}
[ 4 -999 42 32683 -1816349552 21948 -1816349552 2 1 2 6 ]{119:ADD}
[ 4 -999 42 32683 -1816349552 21948 -1816349552 2 1 8 ]{120:LDI}
[ 4 -999 42 32683 -1816349552 21948 -1816349552 2 1 1 ]{121:CSTI 5}
[ 4 -999 42 32683 -1816349552 21948 -1816349552 2 1 1 5 ]{123:LT}
[ 4 -999 42 32683 -1816349552 21948 -1816349552 2 1 1 ]{124:IFNZRO 83}
[ 4 -999 42 32683 -1816349552 21948 -1816349552 2 1 ]{83:GETBP}
[ 4 -999 42 32683 -1816349552 21948 -1816349552 2 1 2 ]{84:CSTI 5}
[ 4 -999 42 32683 -1816349552 21948 -1816349552 2 1 2 5 ]{86:ADD}
[ 4 -999 42 32683 -1816349552 21948 -1816349552 2 1 7 ]{87:LDI}
[ 4 -999 42 32683 -1816349552 21948 -1816349552 2 1 2 ]{88:GETBP}
[ 4 -999 42 32683 -1816349552 21948 -1816349552 2 1 2 2 ]{89:CSTI 6}
[ 4 -999 42 32683 -1816349552 21948 -1816349552 2 1 2 2 6 ]{91:ADD}
[ 4 -999 42 32683 -1816349552 21948 -1816349552 2 1 2 8 ]{92:LDI}
[ 4 -999 42 32683 -1816349552 21948 -1816349552 2 1 2 1 ]{93:ADD}
[ 4 -999 42 32683 -1816349552 21948 -1816349552 2 1 3 ]{94:CSTI 42}
[ 4 -999 42 32683 -1816349552 21948 -1816349552 2 1 3 42 ]{96:STI}
[ 4 -999 42 42 -1816349552 21948 -1816349552 2 1 42 ]{97:INCSP -1}
[ 4 -999 42 42 -1816349552 21948 -1816349552 2 1 ]{99:GETBP}
[ 4 -999 42 42 -1816349552 21948 -1816349552 2 1 2 ]{100:CSTI 6}
[ 4 -999 42 42 -1816349552 21948 -1816349552 2 1 2 6 ]{102:ADD}
[ 4 -999 42 42 -1816349552 21948 -1816349552 2 1 8 ]{103:GETBP}
[ 4 -999 42 42 -1816349552 21948 -1816349552 2 1 8 2 ]{104:CSTI 6}
[ 4 -999 42 42 -1816349552 21948 -1816349552 2 1 8 2 6 ]{106:ADD}
[ 4 -999 42 42 -1816349552 21948 -1816349552 2 1 8 8 ]{107:LDI}
[ 4 -999 42 42 -1816349552 21948 -1816349552 2 1 8 1 ]{108:CSTI 1}
[ 4 -999 42 42 -1816349552 21948 -1816349552 2 1 8 1 1 ]{110:ADD}
[ 4 -999 42 42 -1816349552 21948 -1816349552 2 1 8 2 ]{111:STI}
[ 4 -999 42 42 -1816349552 21948 -1816349552 2 2 2 ]{112:INCSP -1}
[ 4 -999 42 42 -1816349552 21948 -1816349552 2 2 ]{114:INCSP 0}
[ 4 -999 42 42 -1816349552 21948 -1816349552 2 2 ]{116:GETBP}
[ 4 -999 42 42 -1816349552 21948 -1816349552 2 2 2 ]{117:CSTI 6}
[ 4 -999 42 42 -1816349552 21948 -1816349552 2 2 2 6 ]{119:ADD}
[ 4 -999 42 42 -1816349552 21948 -1816349552 2 2 8 ]{120:LDI}
[ 4 -999 42 42 -1816349552 21948 -1816349552 2 2 2 ]{121:CSTI 5}
[ 4 -999 42 42 -1816349552 21948 -1816349552 2 2 2 5 ]{123:LT}
[ 4 -999 42 42 -1816349552 21948 -1816349552 2 2 1 ]{124:IFNZRO 83}
[ 4 -999 42 42 -1816349552 21948 -1816349552 2 2 ]{83:GETBP}
[ 4 -999 42 42 -1816349552 21948 -1816349552 2 2 2 ]{84:CSTI 5}
[ 4 -999 42 42 -1816349552 21948 -1816349552 2 2 2 5 ]{86:ADD}
[ 4 -999 42 42 -1816349552 21948 -1816349552 2 2 7 ]{87:LDI}
[ 4 -999 42 42 -1816349552 21948 -1816349552 2 2 2 ]{88:GETBP}
[ 4 -999 42 42 -1816349552 21948 -1816349552 2 2 2 2 ]{89:CSTI 6}
[ 4 -999 42 42 -1816349552 21948 -1816349552 2 2 2 2 6 ]{91:ADD}
[ 4 -999 42 42 -1816349552 21948 -1816349552 2 2 2 8 ]{92:LDI}
[ 4 -999 42 42 -1816349552 21948 -1816349552 2 2 2 2 ]{93:ADD}
[ 4 -999 42 42 -1816349552 21948 -1816349552 2 2 4 ]{94:CSTI 42}
[ 4 -999 42 42 -1816349552 21948 -1816349552 2 2 4 42 ]{96:STI}
[ 4 -999 42 42 42 21948 -1816349552 2 2 42 ]{97:INCSP -1}
[ 4 -999 42 42 42 21948 -1816349552 2 2 ]{99:GETBP}
[ 4 -999 42 42 42 21948 -1816349552 2 2 2 ]{100:CSTI 6}
[ 4 -999 42 42 42 21948 -1816349552 2 2 2 6 ]{102:ADD}
[ 4 -999 42 42 42 21948 -1816349552 2 2 8 ]{103:GETBP}
[ 4 -999 42 42 42 21948 -1816349552 2 2 8 2 ]{104:CSTI 6}
[ 4 -999 42 42 42 21948 -1816349552 2 2 8 2 6 ]{106:ADD}
[ 4 -999 42 42 42 21948 -1816349552 2 2 8 8 ]{107:LDI}
[ 4 -999 42 42 42 21948 -1816349552 2 2 8 2 ]{108:CSTI 1}
[ 4 -999 42 42 42 21948 -1816349552 2 2 8 2 1 ]{110:ADD}
[ 4 -999 42 42 42 21948 -1816349552 2 2 8 3 ]{111:STI}
[ 4 -999 42 42 42 21948 -1816349552 2 3 3 ]{112:INCSP -1}
[ 4 -999 42 42 42 21948 -1816349552 2 3 ]{114:INCSP 0}
[ 4 -999 42 42 42 21948 -1816349552 2 3 ]{116:GETBP}
[ 4 -999 42 42 42 21948 -1816349552 2 3 2 ]{117:CSTI 6}
[ 4 -999 42 42 42 21948 -1816349552 2 3 2 6 ]{119:ADD}
[ 4 -999 42 42 42 21948 -1816349552 2 3 8 ]{120:LDI}
[ 4 -999 42 42 42 21948 -1816349552 2 3 3 ]{121:CSTI 5}
[ 4 -999 42 42 42 21948 -1816349552 2 3 3 5 ]{123:LT}
[ 4 -999 42 42 42 21948 -1816349552 2 3 1 ]{124:IFNZRO 83}
[ 4 -999 42 42 42 21948 -1816349552 2 3 ]{83:GETBP}
[ 4 -999 42 42 42 21948 -1816349552 2 3 2 ]{84:CSTI 5}
[ 4 -999 42 42 42 21948 -1816349552 2 3 2 5 ]{86:ADD}
[ 4 -999 42 42 42 21948 -1816349552 2 3 7 ]{87:LDI}
[ 4 -999 42 42 42 21948 -1816349552 2 3 2 ]{88:GETBP}
[ 4 -999 42 42 42 21948 -1816349552 2 3 2 2 ]{89:CSTI 6}
[ 4 -999 42 42 42 21948 -1816349552 2 3 2 2 6 ]{91:ADD}
[ 4 -999 42 42 42 21948 -1816349552 2 3 2 8 ]{92:LDI}
[ 4 -999 42 42 42 21948 -1816349552 2 3 2 3 ]{93:ADD}
[ 4 -999 42 42 42 21948 -1816349552 2 3 5 ]{94:CSTI 42}
[ 4 -999 42 42 42 21948 -1816349552 2 3 5 42 ]{96:STI}
[ 4 -999 42 42 42 42 -1816349552 2 3 42 ]{97:INCSP -1}
[ 4 -999 42 42 42 42 -1816349552 2 3 ]{99:GETBP}
[ 4 -999 42 42 42 42 -1816349552 2 3 2 ]{100:CSTI 6}
[ 4 -999 42 42 42 42 -1816349552 2 3 2 6 ]{102:ADD}
[ 4 -999 42 42 42 42 -1816349552 2 3 8 ]{103:GETBP}
[ 4 -999 42 42 42 42 -1816349552 2 3 8 2 ]{104:CSTI 6}
[ 4 -999 42 42 42 42 -1816349552 2 3 8 2 6 ]{106:ADD}
[ 4 -999 42 42 42 42 -1816349552 2 3 8 8 ]{107:LDI}
[ 4 -999 42 42 42 42 -1816349552 2 3 8 3 ]{108:CSTI 1}
[ 4 -999 42 42 42 42 -1816349552 2 3 8 3 1 ]{110:ADD}
[ 4 -999 42 42 42 42 -1816349552 2 3 8 4 ]{111:STI}

[ 4 -999 42 42 42 42 -1816349552 2 4 4 ]{112:INCSP -1}
[ 4 -999 42 42 42 42 -1816349552 2 4 ]{114:INCSP 0}
[ 4 -999 42 42 42 42 -1816349552 2 4 ]{116:GETBP}
[ 4 -999 42 42 42 42 -1816349552 2 4 2 ]{117:CSTI 6}
[ 4 -999 42 42 42 42 -1816349552 2 4 2 6 ]{119:ADD}
[ 4 -999 42 42 42 42 -1816349552 2 4 8 ]{120:LDI}
[ 4 -999 42 42 42 42 -1816349552 2 4 4 ]{121:CSTI 5}
[ 4 -999 42 42 42 42 -1816349552 2 4 4 5 ]{123:LT}
[ 4 -999 42 42 42 42 -1816349552 2 4 1 ]{124:IFNZRO 83}
[ 4 -999 42 42 42 42 -1816349552 2 4 ]{83:GETBP}
[ 4 -999 42 42 42 42 -1816349552 2 4 2 ]{84:CSTI 5}
[ 4 -999 42 42 42 42 -1816349552 2 4 2 5 ]{86:ADD}
[ 4 -999 42 42 42 42 -1816349552 2 4 7 ]{87:LDI}
[ 4 -999 42 42 42 42 -1816349552 2 4 2 ]{88:GETBP}
[ 4 -999 42 42 42 42 -1816349552 2 4 2 2 ]{89:CSTI 6}
[ 4 -999 42 42 42 42 -1816349552 2 4 2 2 6 ]{91:ADD}
[ 4 -999 42 42 42 42 -1816349552 2 4 2 8 ]{92:LDI}
[ 4 -999 42 42 42 42 -1816349552 2 4 2 4 ]{93:ADD}
[ 4 -999 42 42 42 42 -1816349552 2 4 6 ]{94:CSTI 42}
[ 4 -999 42 42 42 42 -1816349552 2 4 6 42 ]{96:STI}
[ 4 -999 42 42 42 42 42 2 4 42 ]{97:INCSP -1}
[ 4 -999 42 42 42 42 42 2 4 ]{99:GETBP}
[ 4 -999 42 42 42 42 42 2 4 2 ]{100:CSTI 6}
[ 4 -999 42 42 42 42 42 2 4 2 6 ]{102:ADD}
[ 4 -999 42 42 42 42 42 2 4 8 ]{103:GETBP}
[ 4 -999 42 42 42 42 42 2 4 8 2 ]{104:CSTI 6}
[ 4 -999 42 42 42 42 42 2 4 8 2 6 ]{106:ADD}
[ 4 -999 42 42 42 42 42 2 4 8 8 ]{107:LDI}
[ 4 -999 42 42 42 42 42 2 4 8 4 ]{108:CSTI 1}
[ 4 -999 42 42 42 42 42 2 4 8 4 1 ]{110:ADD}
[ 4 -999 42 42 42 42 42 2 4 8 5 ]{111:STI}

[ 4 -999 42 42 42 42 42 2 5 5 ]{112:INCSP -1}
[ 4 -999 42 42 42 42 42 2 5 ]{114:INCSP 0}
[ 4 -999 42 42 42 42 42 2 5 ]{116:GETBP}
[ 4 -999 42 42 42 42 42 2 5 2 ]{117:CSTI 6}
[ 4 -999 42 42 42 42 42 2 5 2 6 ]{119:ADD}
[ 4 -999 42 42 42 42 42 2 5 8 ]{120:LDI}
[ 4 -999 42 42 42 42 42 2 5 5 ]{121:CSTI 5}
[ 4 -999 42 42 42 42 42 2 5 5 5 ]{123:LT}
[ 4 -999 42 42 42 42 42 2 5 0 ]{124:IFNZRO 83}

[ 4 -999 42 42 42 42 42 2 5 ]{126:GETBP}
[ 4 -999 42 42 42 42 42 2 5 2 ]{127:CSTI 5}
[ 4 -999 42 42 42 42 42 2 5 2 5 ]{129:ADD}
[ 4 -999 42 42 42 42 42 2 5 7 ]{130:LDI}
[ 4 -999 42 42 42 42 42 2 5 2 ]{131:CALL 1 5}

// Start of printArray
[ 4 -999 42 42 42 42 42 2 5 134 2 2 ]{5:INCSP 1}
[ 4 -999 42 42 42 42 42 2 5 134 2 2 540024883 ]{7:GETBP}
[ 4 -999 42 42 42 42 42 2 5 134 2 2 540024883 11 ]{8:CSTI 1}
[ 4 -999 42 42 42 42 42 2 5 134 2 2 540024883 11 1 ]{10:ADD}
[ 4 -999 42 42 42 42 42 2 5 134 2 2 540024883 12 ]{11:CSTI 0}
[ 4 -999 42 42 42 42 42 2 5 134 2 2 540024883 12 0 ]{13:STI}
[ 4 -999 42 42 42 42 42 2 5 134 2 2 0 0 ]{14:INCSP -1}
---------------------------------------------------------------

// Begin while loop in printArray (line after comment)
[ 4 -999 42 42 42 42 42 2 5 | 134  2   2  0 ]{16:GOTO 50} bp = 11  sp = 12
                               ^   ^   ^  ^
                              ret rbp arg i

---------------------------------------------------------------
// Load i to do comparison
[ 4 -999 42 42 42 42 42 2 5 134 2 2 0 ]{50:GETBP}
[ 4 -999 42 42 42 42 42 2 5 134 2 2 0 11 ]{51:CSTI 1}
[ 4 -999 42 42 42 42 42 2 5 134 2 2 0 11 1 ]{53:ADD}
[ 4 -999 42 42 42 42 42 2 5 134 2 2 0 12 ]{54:LDI}
[ 4 -999 42 42 42 42 42 2 5 134 2 2 0 0 ]{55:CSTI 5}

// Check if i < 5
[ 4 -999 42 42 42 42 42 2 5 134 2 2 0 0 5 ]{57:LT}
[ 4 -999 42 42 42 42 42 2 5 134 2 2 0 1 ]{58:IFNZRO 18}

[ 4 -999 42 42 42 42 42 2 5 134 2 2 0 ]{18:GETBP}
[ 4 -999 42 42 42 42 42 2 5 134 2 2 0 11 ]{19:CSTI 0}
[ 4 -999 42 42 42 42 42 2 5 134 2 2 0 11 0 ]{21:ADD}
[ 4 -999 42 42 42 42 42 2 5 134 2 2 0 11 ]{22:LDI}
[ 4 -999 42 42 42 42 42 2 5 134 2 2 0 2 ]{23:GETBP}
[ 4 -999 42 42 42 42 42 2 5 134 2 2 0 2 11 ]{24:CSTI 1}
[ 4 -999 42 42 42 42 42 2 5 134 2 2 0 2 11 1 ]{26:ADD}
[ 4 -999 42 42 42 42 42 2 5 134 2 2 0 2 12 ]{27:LDI}
[ 4 -999 42 42 42 42 42 2 5 134 2 2 0 2 0 ]{28:ADD}
[ 4 -999 42 42 42 42 42 2 5 134 2 2 0 2 ]{29:LDI}
[ 4 -999 42 42 42 42 42 2 5 134 2 2 0 42 ]{30:PRINTI}
42 [ 4 -999 42 42 42 42 42 2 5 134 2 2 0 42 ]{31:INCSP -1}

[ 4 -999 42 42 42 42 42 2 5 134 2 2 0 ]{33:GETBP}
[ 4 -999 42 42 42 42 42 2 5 134 2 2 0 11 ]{34:CSTI 1}
[ 4 -999 42 42 42 42 42 2 5 134 2 2 0 11 1 ]{36:ADD}
[ 4 -999 42 42 42 42 42 2 5 134 2 2 0 12 ]{37:GETBP}
[ 4 -999 42 42 42 42 42 2 5 134 2 2 0 12 11 ]{38:CSTI 1}
[ 4 -999 42 42 42 42 42 2 5 134 2 2 0 12 11 1 ]{40:ADD}
[ 4 -999 42 42 42 42 42 2 5 134 2 2 0 12 12 ]{41:LDI}
[ 4 -999 42 42 42 42 42 2 5 134 2 2 0 12 0 ]{42:CSTI 1}
[ 4 -999 42 42 42 42 42 2 5 134 2 2 0 12 0 1 ]{44:ADD}
[ 4 -999 42 42 42 42 42 2 5 134 2 2 0 12 1 ]{45:STI}
[ 4 -999 42 42 42 42 42 2 5 134 2 2 1 1 ]{46:INCSP -1}
[ 4 -999 42 42 42 42 42 2 5 134 2 2 1 ]{48:INCSP 0}
[ 4 -999 42 42 42 42 42 2 5 134 2 2 1 ]{50:GETBP}
[ 4 -999 42 42 42 42 42 2 5 134 2 2 1 11 ]{51:CSTI 1}
[ 4 -999 42 42 42 42 42 2 5 134 2 2 1 11 1 ]{53:ADD}
[ 4 -999 42 42 42 42 42 2 5 134 2 2 1 12 ]{54:LDI}
[ 4 -999 42 42 42 42 42 2 5 134 2 2 1 1 ]{55:CSTI 5}
[ 4 -999 42 42 42 42 42 2 5 134 2 2 1 1 5 ]{57:LT}
[ 4 -999 42 42 42 42 42 2 5 134 2 2 1 1 ]{58:IFNZRO 18}
[ 4 -999 42 42 42 42 42 2 5 134 2 2 1 ]{18:GETBP}
[ 4 -999 42 42 42 42 42 2 5 134 2 2 1 11 ]{19:CSTI 0}
[ 4 -999 42 42 42 42 42 2 5 134 2 2 1 11 0 ]{21:ADD}
[ 4 -999 42 42 42 42 42 2 5 134 2 2 1 11 ]{22:LDI}
[ 4 -999 42 42 42 42 42 2 5 134 2 2 1 2 ]{23:GETBP}
[ 4 -999 42 42 42 42 42 2 5 134 2 2 1 2 11 ]{24:CSTI 1}
[ 4 -999 42 42 42 42 42 2 5 134 2 2 1 2 11 1 ]{26:ADD}
[ 4 -999 42 42 42 42 42 2 5 134 2 2 1 2 12 ]{27:LDI}
[ 4 -999 42 42 42 42 42 2 5 134 2 2 1 2 1 ]{28:ADD}
[ 4 -999 42 42 42 42 42 2 5 134 2 2 1 3 ]{29:LDI}
[ 4 -999 42 42 42 42 42 2 5 134 2 2 1 42 ]{30:PRINTI}
42 [ 4 -999 42 42 42 42 42 2 5 134 2 2 1 42 ]{31:INCSP -1}
[ 4 -999 42 42 42 42 42 2 5 134 2 2 1 ]{33:GETBP}
[ 4 -999 42 42 42 42 42 2 5 134 2 2 1 11 ]{34:CSTI 1}
[ 4 -999 42 42 42 42 42 2 5 134 2 2 1 11 1 ]{36:ADD}
[ 4 -999 42 42 42 42 42 2 5 134 2 2 1 12 ]{37:GETBP}
[ 4 -999 42 42 42 42 42 2 5 134 2 2 1 12 11 ]{38:CSTI 1}
[ 4 -999 42 42 42 42 42 2 5 134 2 2 1 12 11 1 ]{40:ADD}
[ 4 -999 42 42 42 42 42 2 5 134 2 2 1 12 12 ]{41:LDI}
[ 4 -999 42 42 42 42 42 2 5 134 2 2 1 12 1 ]{42:CSTI 1}
[ 4 -999 42 42 42 42 42 2 5 134 2 2 1 12 1 1 ]{44:ADD}
[ 4 -999 42 42 42 42 42 2 5 134 2 2 1 12 2 ]{45:STI}
[ 4 -999 42 42 42 42 42 2 5 134 2 2 2 2 ]{46:INCSP -1}
[ 4 -999 42 42 42 42 42 2 5 134 2 2 2 ]{48:INCSP 0}
[ 4 -999 42 42 42 42 42 2 5 134 2 2 2 ]{50:GETBP}
[ 4 -999 42 42 42 42 42 2 5 134 2 2 2 11 ]{51:CSTI 1}
[ 4 -999 42 42 42 42 42 2 5 134 2 2 2 11 1 ]{53:ADD}
[ 4 -999 42 42 42 42 42 2 5 134 2 2 2 12 ]{54:LDI}
[ 4 -999 42 42 42 42 42 2 5 134 2 2 2 2 ]{55:CSTI 5}
[ 4 -999 42 42 42 42 42 2 5 134 2 2 2 2 5 ]{57:LT}
[ 4 -999 42 42 42 42 42 2 5 134 2 2 2 1 ]{58:IFNZRO 18}
[ 4 -999 42 42 42 42 42 2 5 134 2 2 2 ]{18:GETBP}
[ 4 -999 42 42 42 42 42 2 5 134 2 2 2 11 ]{19:CSTI 0}
[ 4 -999 42 42 42 42 42 2 5 134 2 2 2 11 0 ]{21:ADD}
[ 4 -999 42 42 42 42 42 2 5 134 2 2 2 11 ]{22:LDI}
[ 4 -999 42 42 42 42 42 2 5 134 2 2 2 2 ]{23:GETBP}
[ 4 -999 42 42 42 42 42 2 5 134 2 2 2 2 11 ]{24:CSTI 1}
[ 4 -999 42 42 42 42 42 2 5 134 2 2 2 2 11 1 ]{26:ADD}
[ 4 -999 42 42 42 42 42 2 5 134 2 2 2 2 12 ]{27:LDI}
[ 4 -999 42 42 42 42 42 2 5 134 2 2 2 2 2 ]{28:ADD}
[ 4 -999 42 42 42 42 42 2 5 134 2 2 2 4 ]{29:LDI}
[ 4 -999 42 42 42 42 42 2 5 134 2 2 2 42 ]{30:PRINTI}
42 [ 4 -999 42 42 42 42 42 2 5 134 2 2 2 42 ]{31:INCSP -1}
[ 4 -999 42 42 42 42 42 2 5 134 2 2 2 ]{33:GETBP}
[ 4 -999 42 42 42 42 42 2 5 134 2 2 2 11 ]{34:CSTI 1}
[ 4 -999 42 42 42 42 42 2 5 134 2 2 2 11 1 ]{36:ADD}
[ 4 -999 42 42 42 42 42 2 5 134 2 2 2 12 ]{37:GETBP}
[ 4 -999 42 42 42 42 42 2 5 134 2 2 2 12 11 ]{38:CSTI 1}
[ 4 -999 42 42 42 42 42 2 5 134 2 2 2 12 11 1 ]{40:ADD}
[ 4 -999 42 42 42 42 42 2 5 134 2 2 2 12 12 ]{41:LDI}
[ 4 -999 42 42 42 42 42 2 5 134 2 2 2 12 2 ]{42:CSTI 1}
[ 4 -999 42 42 42 42 42 2 5 134 2 2 2 12 2 1 ]{44:ADD}
[ 4 -999 42 42 42 42 42 2 5 134 2 2 2 12 3 ]{45:STI}
[ 4 -999 42 42 42 42 42 2 5 134 2 2 3 3 ]{46:INCSP -1}
[ 4 -999 42 42 42 42 42 2 5 134 2 2 3 ]{48:INCSP 0}
[ 4 -999 42 42 42 42 42 2 5 134 2 2 3 ]{50:GETBP}
[ 4 -999 42 42 42 42 42 2 5 134 2 2 3 11 ]{51:CSTI 1}
[ 4 -999 42 42 42 42 42 2 5 134 2 2 3 11 1 ]{53:ADD}
[ 4 -999 42 42 42 42 42 2 5 134 2 2 3 12 ]{54:LDI}
[ 4 -999 42 42 42 42 42 2 5 134 2 2 3 3 ]{55:CSTI 5}
[ 4 -999 42 42 42 42 42 2 5 134 2 2 3 3 5 ]{57:LT}
[ 4 -999 42 42 42 42 42 2 5 134 2 2 3 1 ]{58:IFNZRO 18}
[ 4 -999 42 42 42 42 42 2 5 134 2 2 3 ]{18:GETBP}
[ 4 -999 42 42 42 42 42 2 5 134 2 2 3 11 ]{19:CSTI 0}
[ 4 -999 42 42 42 42 42 2 5 134 2 2 3 11 0 ]{21:ADD}
[ 4 -999 42 42 42 42 42 2 5 134 2 2 3 11 ]{22:LDI}
[ 4 -999 42 42 42 42 42 2 5 134 2 2 3 2 ]{23:GETBP}
[ 4 -999 42 42 42 42 42 2 5 134 2 2 3 2 11 ]{24:CSTI 1}
[ 4 -999 42 42 42 42 42 2 5 134 2 2 3 2 11 1 ]{26:ADD}
[ 4 -999 42 42 42 42 42 2 5 134 2 2 3 2 12 ]{27:LDI}
[ 4 -999 42 42 42 42 42 2 5 134 2 2 3 2 3 ]{28:ADD}
[ 4 -999 42 42 42 42 42 2 5 134 2 2 3 5 ]{29:LDI}
[ 4 -999 42 42 42 42 42 2 5 134 2 2 3 42 ]{30:PRINTI}
42 [ 4 -999 42 42 42 42 42 2 5 134 2 2 3 42 ]{31:INCSP -1}
[ 4 -999 42 42 42 42 42 2 5 134 2 2 3 ]{33:GETBP}
[ 4 -999 42 42 42 42 42 2 5 134 2 2 3 11 ]{34:CSTI 1}
[ 4 -999 42 42 42 42 42 2 5 134 2 2 3 11 1 ]{36:ADD}
[ 4 -999 42 42 42 42 42 2 5 134 2 2 3 12 ]{37:GETBP}
[ 4 -999 42 42 42 42 42 2 5 134 2 2 3 12 11 ]{38:CSTI 1}
[ 4 -999 42 42 42 42 42 2 5 134 2 2 3 12 11 1 ]{40:ADD}
[ 4 -999 42 42 42 42 42 2 5 134 2 2 3 12 12 ]{41:LDI}
[ 4 -999 42 42 42 42 42 2 5 134 2 2 3 12 3 ]{42:CSTI 1}
[ 4 -999 42 42 42 42 42 2 5 134 2 2 3 12 3 1 ]{44:ADD}
[ 4 -999 42 42 42 42 42 2 5 134 2 2 3 12 4 ]{45:STI}
[ 4 -999 42 42 42 42 42 2 5 134 2 2 4 4 ]{46:INCSP -1}
[ 4 -999 42 42 42 42 42 2 5 134 2 2 4 ]{48:INCSP 0}
[ 4 -999 42 42 42 42 42 2 5 134 2 2 4 ]{50:GETBP}
[ 4 -999 42 42 42 42 42 2 5 134 2 2 4 11 ]{51:CSTI 1}
[ 4 -999 42 42 42 42 42 2 5 134 2 2 4 11 1 ]{53:ADD}
[ 4 -999 42 42 42 42 42 2 5 134 2 2 4 12 ]{54:LDI}
[ 4 -999 42 42 42 42 42 2 5 134 2 2 4 4 ]{55:CSTI 5}
[ 4 -999 42 42 42 42 42 2 5 134 2 2 4 4 5 ]{57:LT}
[ 4 -999 42 42 42 42 42 2 5 134 2 2 4 1 ]{58:IFNZRO 18}
[ 4 -999 42 42 42 42 42 2 5 134 2 2 4 ]{18:GETBP}
[ 4 -999 42 42 42 42 42 2 5 134 2 2 4 11 ]{19:CSTI 0}
[ 4 -999 42 42 42 42 42 2 5 134 2 2 4 11 0 ]{21:ADD}
[ 4 -999 42 42 42 42 42 2 5 134 2 2 4 11 ]{22:LDI}
[ 4 -999 42 42 42 42 42 2 5 134 2 2 4 2 ]{23:GETBP}
[ 4 -999 42 42 42 42 42 2 5 134 2 2 4 2 11 ]{24:CSTI 1}
[ 4 -999 42 42 42 42 42 2 5 134 2 2 4 2 11 1 ]{26:ADD}
[ 4 -999 42 42 42 42 42 2 5 134 2 2 4 2 12 ]{27:LDI}
[ 4 -999 42 42 42 42 42 2 5 134 2 2 4 2 4 ]{28:ADD}
[ 4 -999 42 42 42 42 42 2 5 134 2 2 4 6 ]{29:LDI}
[ 4 -999 42 42 42 42 42 2 5 134 2 2 4 42 ]{30:PRINTI}
42 [ 4 -999 42 42 42 42 42 2 5 134 2 2 4 42 ]{31:INCSP -1}
[ 4 -999 42 42 42 42 42 2 5 134 2 2 4 ]{33:GETBP}
[ 4 -999 42 42 42 42 42 2 5 134 2 2 4 11 ]{34:CSTI 1}
[ 4 -999 42 42 42 42 42 2 5 134 2 2 4 11 1 ]{36:ADD}
[ 4 -999 42 42 42 42 42 2 5 134 2 2 4 12 ]{37:GETBP}
[ 4 -999 42 42 42 42 42 2 5 134 2 2 4 12 11 ]{38:CSTI 1}
[ 4 -999 42 42 42 42 42 2 5 134 2 2 4 12 11 1 ]{40:ADD}
[ 4 -999 42 42 42 42 42 2 5 134 2 2 4 12 12 ]{41:LDI}
[ 4 -999 42 42 42 42 42 2 5 134 2 2 4 12 4 ]{42:CSTI 1}
[ 4 -999 42 42 42 42 42 2 5 134 2 2 4 12 4 1 ]{44:ADD}
[ 4 -999 42 42 42 42 42 2 5 134 2 2 4 12 5 ]{45:STI}
[ 4 -999 42 42 42 42 42 2 5 134 2 2 5 5 ]{46:INCSP -1}
[ 4 -999 42 42 42 42 42 2 5 134 2 2 5 ]{48:INCSP 0}
[ 4 -999 42 42 42 42 42 2 5 134 2 2 5 ]{50:GETBP}
[ 4 -999 42 42 42 42 42 2 5 134 2 2 5 11 ]{51:CSTI 1}
[ 4 -999 42 42 42 42 42 2 5 134 2 2 5 11 1 ]{53:ADD}
[ 4 -999 42 42 42 42 42 2 5 134 2 2 5 12 ]{54:LDI}
[ 4 -999 42 42 42 42 42 2 5 134 2 2 5 5 ]{55:CSTI 5}
[ 4 -999 42 42 42 42 42 2 5 134 2 2 5 5 5 ]{57:LT}
[ 4 -999 42 42 42 42 42 2 5 134 2 2 5 0 ]{58:IFNZRO 18}
[ 4 -999 42 42 42 42 42 2 5 134 2 2 5 ]{60:INCSP -1}
[ 4 -999 42 42 42 42 42 2 5 134 2 2 ]{62:RET 0}
[ 4 -999 42 42 42 42 42 2 5 2 ]{134:INCSP -1}
[ 4 -999 42 42 42 42 42 2 5 ]{136:CSTI 43}
[ 4 -999 42 42 42 42 42 2 5 43 ]{138:PRINTI}
43 [ 4 -999 42 42 42 42 42 2 5 43 ]{139:INCSP -1}
[ 4 -999 42 42 42 42 42 2 5 ]{141:INCSP -7}
[ 4 -999 ]{143:RET -1}
[ -999 ]{4:STOP}
Used   0.001 cpu seconds
